\BOOKMARK [1][-]{section.1}{\376\377\000I\000n\000t\000r\000o\000d\000u\000c\000t\000i\000o\000n}{}% 1
\BOOKMARK [1][-]{section.2}{\376\377\000D\000a\000t\000a\000s\000e\000t}{}% 2
\BOOKMARK [1][-]{section.3}{\376\377\000M\000e\000t\000h\000a\000d\000o\000l\000o\000g\000y}{}% 3
\BOOKMARK [2][-]{subsection.3.1}{\376\377\000E\000x\000t\000r\000a\000c\000t\000i\000n\000g\000\040\000a\000n\000d\000\040\000P\000r\000e\000p\000a\000r\000i\000n\000g\000\040\000t\000h\000e\000\040\000D\000a\000t\000a}{section.3}% 4
\BOOKMARK [2][-]{subsection.3.2}{\376\377\000I\000m\000p\000l\000e\000m\000e\000n\000t\000a\000t\000i\000o\000n\000\040\000o\000f\000\040\000D\000C\000T}{section.3}% 5
\BOOKMARK [2][-]{subsection.3.3}{\376\377\000D\000e\000c\000o\000m\000p\000r\000e\000s\000s\000i\000o\000n\000\040\000a\000n\000d\000\040\000V\000i\000s\000u\000a\000l\000i\000z\000a\000t\000i\000o\000n}{section.3}% 6
\BOOKMARK [1][-]{section.4}{\376\377\000I\000m\000p\000l\000e\000m\000e\000n\000t\000a\000t\000i\000o\000n\000\040\000a\000n\000d\000\040\000R\000e\000s\000u\000l\000t\000s}{}% 7
\BOOKMARK [2][-]{subsection.4.1}{\376\377\000I\000m\000a\000g\000e\000\040\0000\0001\000\040\000:\000\040\000c\000a\000m\000e\000r\000a\0002\0005\0006}{section.4}% 8
\BOOKMARK [2][-]{subsection.4.2}{\376\377\000I\000m\000a\000g\000e\000\040\0000\0002\000\040\000:\000\040\000b\000o\000a\000t\0005\0001\0002}{section.4}% 9
\BOOKMARK [2][-]{subsection.4.3}{\376\377\000I\000m\000a\000g\000e\000\040\0000\0003\000\040\000:\000\040\000p\000e\000p\000p\000e\000r\000s\0005\0001\0002}{section.4}% 10
\BOOKMARK [2][-]{subsection.4.4}{\376\377\000I\000m\000a\000g\000e\000\040\0000\0001\000\040\000:\000\040\000C\000a\000m\000e\000r\000a\0002\0005\0006}{section.4}% 11
\BOOKMARK [1][-]{section.5}{\376\377\000D\000i\000f\000f\000i\000c\000u\000l\000t\000y\000\040\000i\000n\000\040\000C\000o\000m\000p\000r\000e\000s\000s\000i\000o\000n}{}% 12
\BOOKMARK [1][-]{section.6}{\376\377\000R\000e\000f\000e\000r\000e\000n\000c\000e\000s}{}% 13
\BOOKMARK [1][-]{section.7}{\376\377\000G\000i\000t\000h\000u\000b\000\040\000R\000e\000p\000o\000s\000i\000t\000o\000r\000y}{}% 14
\BOOKMARK [1][-]{section.8}{\376\377\000A\000p\000p\000e\000n\000d\000i\000x}{}% 15
\BOOKMARK [2][-]{subsection.8.1}{\376\377\000E\000x\000t\000r\000a\000c\000t\000i\000n\000g\000\040\000a\000n\000d\000\040\000P\000r\000e\000p\000a\000r\000i\000n\000g\000\040\000t\000h\000e\000\040\000D\000a\000t\000a}{section.8}% 16
\BOOKMARK [2][-]{subsection.8.2}{\376\377\000D\000C\000T\000\040\000a\000n\000d\000\040\000Q\000u\000a\000n\000t\000i\000z\000a\000t\000i\000o\000n}{section.8}% 17
\BOOKMARK [2][-]{subsection.8.3}{\376\377\000C\000o\000d\000i\000n\000g\000\040\000S\000c\000h\000e\000m\000e\000s}{section.8}% 18
\BOOKMARK [2][-]{subsection.8.4}{\376\377\000I\000n\000v\000e\000r\000s\000e\000\040\000D\000C\000T\000\040\000a\000n\000d\000\040\000r\000e\000-\000c\000o\000n\000s\000t\000r\000u\000c\000t\000i\000o\000n}{section.8}% 19
\BOOKMARK [2][-]{subsection.8.5}{\376\377\000E\000v\000a\000l\000u\000a\000t\000i\000o\000n\000\040\000M\000e\000t\000r\000i\000c\000s}{section.8}% 20
